#a/2.txt
   	Line      Column
1.	  1     	1
2.	  1     	3
3.	  1     	5
4.	  1     	7
5.	  2     	1
#a/b/1.txt
   	Line      Column
1.	  1     	1
2.	  1     	3
#a/2.txt
   	Line      Column
1.	  1     	1
2.	  1     	3
3.	  1     	5
4.	  1     	7
5.	  2     	1
#a/b/1.txt
   	Line      Column
1.	  1     	1
2.	  1     	3
#a/2.txt
   	Line      Column
1.	  1     	1
2.	  1     	3
3.	  1     	5
4.	  1     	7
5.	  2     	1
#a/b/1.txt
   	Line      Column
1.	  1     	1
2.	  1     	3
#a/2.txt
   	Line      Column
1.	  1     	1
2.	  1     	3
3.	  1     	5
4.	  1     	7
5.	  2     	1
#a/b/1.txt
   	Line      Column
1.	  1     	1
2.	  1     	3
